0 info it worked if it ends with ok
1 verbose cli [ '/usr/bin/node', '/usr/bin/npm', 'publish' ]
2 info using npm@3.10.8
3 info using node@v6.9.1
4 verbose publish [ '.' ]
5 silly cache add args [ '.', null ]
6 verbose cache add spec .
7 silly cache add parsed spec Result {
7 silly cache add   raw: '.',
7 silly cache add   scope: null,
7 silly cache add   escapedName: null,
7 silly cache add   name: null,
7 silly cache add   rawSpec: '.',
7 silly cache add   spec: '/var/www/liamka/data/www/kkotikov.ru/lab/volta.js',
7 silly cache add   type: 'directory' }
8 verbose addLocalDirectory /root/.npm/volta.js/1.6.1/package.tgz not in flight; packing
9 verbose correctMkdir /root/.npm correctMkdir not in flight; initializing
10 info lifecycle volta.js@1.6.1~prepublish: volta.js@1.6.1
11 silly lifecycle volta.js@1.6.1~prepublish: no script for prepublish, continuing
12 verbose tar pack [ '/root/.npm/volta.js/1.6.1/package.tgz',
12 verbose tar pack   '/var/www/liamka/data/www/kkotikov.ru/lab/volta.js' ]
13 verbose tarball /root/.npm/volta.js/1.6.1/package.tgz
14 verbose folder /var/www/liamka/data/www/kkotikov.ru/lab/volta.js
15 verbose addLocalTarball adding from inside cache /root/.npm/volta.js/1.6.1/package.tgz
16 verbose correctMkdir /root/.npm correctMkdir not in flight; initializing
17 silly cache afterAdd volta.js@1.6.1
18 verbose afterAdd /root/.npm/volta.js/1.6.1/package/package.json not in flight; writing
19 verbose correctMkdir /root/.npm correctMkdir not in flight; initializing
20 verbose afterAdd /root/.npm/volta.js/1.6.1/package/package.json written
21 silly publish { name: 'volta.js',
21 silly publish   version: '1.6.1',
21 silly publish   description: 'Tiny, fast library to increase speed of coding',
21 silly publish   main: 'volta.js',
21 silly publish   directories: { example: 'examples' },
21 silly publish   repository:
21 silly publish    { type: 'git',
21 silly publish      url: 'git+https://github.com/liamka/volta.js.git' },
21 silly publish   keywords:
21 silly publish    [ 'css',
21 silly publish      'html',
21 silly publish      'speed',
21 silly publish      'coding',
21 silly publish      'hint',
21 silly publish      'hints',
21 silly publish      'bootstrap',
21 silly publish      'framework',
21 silly publish      'fast' ],
21 silly publish   author: { name: 'Kirill Kotikov' },
21 silly publish   license: 'MIT',
21 silly publish   bugs: { url: 'https://github.com/liamka/volta.js/issues' },
21 silly publish   homepage: 'https://github.com/liamka/volta.js#readme',
21 silly publish   readme: '![Diet Logo](http://i.imgur.com/AJYLmkz.jpg)\n\n[![NPM](http://img.shields.io/npm/v/volta.js.svg?style=flat)](https://www.npmjs.org/package/volta.js) [![npm](https://img.shields.io/npm/dt/volta.js.svg)](https://www.npmjs.org/package/volta.js)\n\n\n[Volta.js](https://github.com/liamka/volta.js) is a tiny, fast library to increase speed of coding.\n```html\n<div class="margin-top-150 text-decoration-underline transform-rotate(7deg)">\n    Test div block\n</div>\n```\n\n## Install\n\nNPM\n```\nnpm install volta.js\n```\nBower\n```\nbower install volta.js\n```\n\nand initialize\n```html\n<script>\n    Volta.render({\n        size: "px"      // default value (examples: px, pt, em, rem, vw, vh, vmin, vmax)\n    });\n</script>\n```\n\n## More examples\n\n```html\n\n<div class="background-size-cover">\n    Example div block\n</div>\n\n<div class="border-top-10 font-size-24">\n    Example div block\n</div>\n\n<div class="cursor-default">\n    Example div block\n</div>\n\n<div class="float-left">\n    Example div block\n</div>\n\n<div class="margin-left-5-em width-1400-pt">\n    Example div block\n</div>\n\n<div class="transform-rotate(15deg)">\n    Example div block\n</div>\n\n<div class="z-index-10">\n    Example div block\n</div>\n\n```\n\nor see examples.\n\n\n## Change log\n\n[See github releases here](https://github.com/liamka/volta.js/releases)\n\n## Reference\n\n| Property            | Description          | CSS          |\n| :------------- | :------------- | :------------- |\n| align-content    | Sets or returns the alignment between the lines inside a flexible container when the items do not use all available space | 3 |\n| align-items    | Sets or returns the alignment for items inside a flexible container | 3 |\n| align-self    | Sets or returns the alignment for selected items inside a flexible container | 3 |\n| animation    | A shorthand property for all the animation properties below, except the animationPlayState property | 3 |\n| animation-delay    | Sets or returns when the animation will start | 3 |\n| animation-direction    | Sets or returns whether or not the animation should play in reverse on alternate cycles | 3 |\n| animation-duration    | Sets or returns how many seconds or milliseconds an animation takes to complete one cycle | 3 |\n| animation-fill-mode    | Sets or returns what values are applied by the animation outside the time it is executing | 3 |\n| animation-iteration-count    | Sets or returns the number of times an animation should be played | 3 |\n| animation-name    | Sets or returns a name for the @keyframes animation | 3 |\n| animation-timing-function    | Sets or returns the speed curve of the animation | 3 |\n| animation-play-state    | Sets or returns whether the animation is running or paused | 3 |\n| background    | Sets or returns all the background properties in one declaration | 1 |\n| background-attachment    | Sets or returns whether a background-image is fixed or scrolls with the page | 1 |\n| background-color    | Sets or returns the background-color of an element | 1 |\n| background-image    | Sets or returns the background-image for an element | 1 |\n| background-position    | Sets or returns the starting position of a background-image | 1 |\n| background-repeat    | Sets or returns how to repeat (tile) a background-image | 1 |\n| background-clip    | Sets or returns the painting area of the background | 3 |\n| background-origin    | Sets or returns the positioning area of the background images | 3 |\n| background-size    | Sets or returns the size of the background image | 3 |\n| backface-visibility    | Sets or returns whether or not an element should be visible when not facing the screen | 3 |\n| border    | Sets or returns borderWidth, borderStyle, and borderColor in one declaration | 1 |\n| border-bottom    | Sets or returns all the borderBottom* properties in one declaration | 1 |\n| border-bottom-color    | Sets or returns the color of the bottom border | 1 |\n| border-bottom-left-radius    | Sets or returns the shape of the border of the bottom-left corner | 3 |\n| border-bottom-right-radius    | Sets or returns the shape of the border of the bottom-right corner | 3 |\n| border-bottom-style    | Sets or returns the style of the bottom border | 1 |\n| border-bottom-width    | Sets or returns the width of the bottom border | 1 |\n| border-collapse    | Sets or returns whether the table border should be collapsed into a single border, or not | 2 |\n| border-color    | Sets or returns the color of an element\'s border (can have up to four values) | 1 |\n| border-image    | A shorthand property for setting or returning all the borderImage* properties | 3 |\n| border-image-outset    | Sets or returns the amount by which the border image area extends beyond the border box | 3 |\n| border-image-repeat    | Sets or returns whether the image-border should be repeated, rounded or stretched | 3 |\n| border-image-slice    | Sets or returns the inward offsets of the image-border | 3 |\n| border-image-source    | Sets or returns the image to be used as a border | 3 |\n| border-image-width    | Sets or returns the widths of the image-border | 3 |\n| border-left    | Sets or returns all the borderLeft* properties in one declaration | 1 |\n| border-left-color    | Sets or returns the color of the left border | 1 |\n| border-left-style    | Sets or returns the style of the left border | 1 |\n| border-left-width    | Sets or returns the width of the left border | 1 |\n| border-radius    | A shorthand property for setting or returning all the four border*Radius properties | 3 |\n| border-right    | Sets or returns all the borderRight* properties in one declaration | 1 |\n| border-right-color    | Sets or returns the color of the right border | 1 |\n| border-right-style    | Sets or returns the style of the right border | 1 |\n| border-right-width    | Sets or returns the width of the right border | 1 |\n| border-spacing    | Sets or returns the space between cells in a table | 2 |\n| border-style    | Sets or returns the style of an element\'s border (can have up to four values) | 1 |\n| border-top    | Sets or returns all the borderTop* properties in one declaration | 1 |\n| border-top-color    | Sets or returns the color of the top border | 1 |\n| border-top-left-radius    | Sets or returns the shape of the border of the top-left corner | 3 |\n| border-top-right-radius    | Sets or returns the shape of the border of the top-right corner | 3 |\n| border-top-style    | Sets or returns the style of the top border | 1 |\n| border-top-width    | Sets or returns the width of the top border | 1 |\n| border-width    | Sets or returns the width of an element\'s border (can have up to four values) | 1 |\n| bottom    | Sets or returns the bottom position of a positioned element | 2 |\n| box-decoration-break    | Sets or returns the behaviour of the background and border of an element at page-break, or, for in-line elements, at line-break. | 3 |\n| box-shadow    | Attaches one or more drop-shadows to the box | 3 |\n| box-sizing    | Allows you to define certain elements to fit an area in a certain way | 3 |\n| caption-side    | Sets or returns the position of the table caption | 2 |\n| clear    | Sets or returns the position of the element relative to floating objects | 1 |\n| clip    | Sets or returns which part of a positioned element is visible | 2 |\n| color    | Sets or returns the color of the text | 1 |\n| column-count    | Sets or returns the number of columns an element should be divided into | 3 |\n| column-fill    | Sets or returns how to fill columns | 3 |\n| column-gap    | Sets or returns the gap between the columns | 3 |\n| column-rule    | A shorthand property for setting or returning all the columnRule* properties | 3 |\n| column-rule-color    | Sets or returns the color of the rule between columns | 3 |\n| column-rule-style    | Sets or returns the style of the rule between columns | 3 |\n| column-rule-width    | Sets or returns the width of the rule between columns | 3 |\n| columns    | A shorthand property for setting or returning columnWidth and columnCount | 3 |\n| column-span    | Sets or returns how many columns an element should span across | 3 |\n| column-width    | Sets or returns the width of the columns | 3 |\n| content    | Used with the :before and :after pseudo-elements, to insert generated content | 2 |\n| counter-increment    | Increments one or more counters | 2 |\n| counter-reset    | Creates or resets one or more counters | 2 |\n| cursor    | Sets or returns the type of cursor to display for the mouse pointer | 2 |\n| direction    | Sets or returns the text direction | 2 |\n| display    | Sets or returns an element\'s display type | 1 |\n| empty-cells    | Sets or returns whether to show the border and background of empty cells, or not | 2 |\n| filter    | Sets or returns image filters (visual effects, like blur and saturation) | 3 |\n| flex    | Sets or returns the length of the item, relative to the rest | 3 |\n| flex-basis    | Sets or returns the initial length of a flexible item | 3 |\n| flex-direction    | Sets or returns the direction of the flexible items | 3 |\n| flex-flow    | A shorthand property for the flexDirection and the flexWrap properties | 3 |\n| flex-grow    | Sets or returns how much the item will grow relative to the rest | 3 |\n| flex-shrink    | Sets or returns how the item will shrink relative to the rest | 3 |\n| flex-wrap    | Sets or returns whether the flexible items should wrap or not | 3 |\n| css-float    | Sets or returns the horizontal alignment of an element | 1 |\n| font    | Sets or returns fontStyle, fontVariant, fontWeight, fontSize, lineHeight, and fontFamily in one declaration | 1 |\n| font-family    | Sets or returns the font family for text | 1 |\n| font-size    | Sets or returns the font size of the text | 1 |\n| font-style    | Sets or returns whether the style of the font is normal, italic or oblique | 1 |\n| font-variant    | Sets or returns whether the font should be displayed in small capital letters | 1 |\n| font-weight    | Sets or returns the boldness of the font | 1 |\n| font-size-adjust    | Preserves the readability of text when font fallback occurs | 3 |\n| font-stretch    | Selects a normal, condensed, or expanded face from a font family | 3 |\n| hanging-punctuation    | Specifies whether a punctuation character may be placed outside the line box | 3 |\n| height    | Sets or returns the height of an element | 1 |\n| hyphens    | Sets how to split words to improve the layout of paragraphs | 3 |\n| icon    | Provides the author the ability to style an element with an iconic equivalent | 3 |\n| image-orientation    | Specifies a rotation in the right or clockwise direction that a user agent applies to an image | 3 |\n| justify-content    | Sets or returns the alignment between the items inside a flexible container when the items do not use all available space. | 3 |\n| left    | Sets or returns the left position of a positioned element | 2 |\n| letter-spacing    | Sets or returns the space between characters in a text | 1 |\n| line-height    | Sets or returns the distance between lines in a text | 1 |\n| list-style    | Sets or returns listStyleImage, listStylePosition, and listStyleType in one declaration | 1 |\n| list-style-image    | Sets or returns an image as the list-item marker | 1 |\n| list-style-position    | Sets or returns the position of the list-item marker | 1 |\n| list-style-type    | Sets or returns the list-item marker type | 1 |\n| margin    | Sets or returns the margins of an element (can have up to four values) | 1 |\n| margin-bottom    | Sets or returns the bottom margin of an element | 1 |\n| margin-left    | Sets or returns the left margin of an element | 1 |\n| margin-right    | Sets or returns the right margin of an element | 1 |\n| margin-top    | Sets or returns the top margin of an element | 1 |\n| max-height    | Sets or returns the maximum height of an element | 2 |\n| max-width    | Sets or returns the maximum width of an element | 2 |\n| min-height    | Sets or returns the minimum height of an element | 2 |\n| min-width    | Sets or returns the minimum width of an element | 2 |\n| nav-down    | Sets or returns where to navigate when using the arrow-down navigation key | 3 |\n| nav-index    | Sets or returns the tabbing order for an element | 3 |\n| nav-left    | Sets or returns where to navigate when using the arrow-left navigation key | 3 |\n| nav-right    | Sets or returns where to navigate when using the arrow-right navigation key | 3 |\n| nav-up    | Sets or returns where to navigate when using the arrow-up navigation key | 3 |\n| opacity    | Sets or returns the opacity level for an element | 3 |\n| order    | Sets or returns the order of the flexible item, relative to the rest | 3 |\n| orphans    | Sets or returns the minimum number of lines for an element that must be left at the bottom of a page when a page break occurs inside an element | 2 |\n| outline    | Sets or returns all the outline properties in one declaration | 2 |\n| outline-color    | Sets or returns the color of the outline around a element | 2 |\n| outline-offset    | Offsets an outline, and draws it beyond the border edge | 3 |\n| outline-style    | Sets or returns the style of the outline around an element | 2 |\n| outline-width    | Sets or returns the width of the outline around an element | 2 |\n| overflow    | Sets or returns what to do with content that renders outside the element box | 2 |\n| overflow-x    | Specifies what to do with the left/right edges of the content, if it overflows the element\'s content area | 3 |\n| overflow-y    | Specifies what to do with the top/bottom edges of the content, if it overflows the element\'s content area | 3 |\n| padding    | Sets or returns the padding of an element (can have up to four values) | 1 |\n| padding-bottom    | Sets or returns the bottom padding of an element | 1 |\n| padding-left    | Sets or returns the left padding of an element | 1 |\n| padding-right    | Sets or returns the right padding of an element | 1 |\n| padding-top    | Sets or returns the top padding of an element | 1 |\n| page-break-after    | Sets or returns the page-break behavior after an element | 2 |\n| page-break-before    | Sets or returns the page-break behavior before an element | 2 |\n| page-break-inside    | Sets or returns the page-break behavior inside an element | 2 |\n| perspective    | Sets or returns the perspective on how 3D elements are viewed | 3 |\n| perspective-origin    | Sets or returns the bottom position of 3D elements | 3 |\n| position    | Sets or returns the type of positioning method used for an element (static, relative, absolute or fixed) | 2 |\n| quotes    | Sets or returns the type of quotation marks for embedded quotations | 2 |\n| resize    | Sets or returns whether or not an element is resizable by the user | 3 |\n| right    | Sets or returns the right position of a positioned element | 2 |\n| table-layout    | Sets or returns the way to lay out table cells, rows, and columns | 2 |\n| tab-size    | Sets or returns the length of the tab-character | 3 |\n| text-align    | Sets or returns the horizontal alignment of text | 1 |\n| text-align-last    | Sets or returns how the last line of a block or a line right before a forced line break is aligned when text-align is "justify" | 3 |\n| text-decoration    | Sets or returns the decoration of a text | 1 |\n| text-decoration-color    | Sets or returns the color of the text-decoration | 3 |\n| text-decoration-line    | Sets or returns the type of line in a text-decoration | 3 |\n| text-decoration-style    | Sets or returns the style of the line in a text decoration | 3 |\n| text-indent    | Sets or returns the indentation of the first line of text | 1 |\n| text-justify    | Sets or returns the justification method used when text-align is "justify" | 3 |\n| text-overflow    | Sets or returns what should happen when text overflows the containing element | 3 |\n| text-shadow    | Sets or returns the shadow effect of a text | 3 |\n| text-transform    | Sets or returns the capitalization of a text | 1 |\n| top    | Sets or returns the top position of a positioned element | 2 |\n| transform    | Applies a 2D or 3D transformation to an element | 3 |\n| transform-origin    | Sets or returns the position of transformed elements | 3 |\n| transform-style    | Sets or returns how nested elements are rendered in 3D space | 3 |\n| transition    | A shorthand property for setting or returning the four transition properties | 3 |\n| transition-property    | Sets or returns the CSS property that the transition effect is for | 3 |\n| transition-duration    | Sets or returns how many seconds or milliseconds a transition effect takes to complete | 3 |\n| transition-timing-function    | Sets or returns the speed curve of the transition effect | 3 |\n| transition-delay    | Sets or returns when the transition effect will start | 3 |\n| unicode-bidi    | Sets or returns whether the text should be overridden to support multiple languages in the same document | 2 |\n| vertical-align    | Sets or returns the vertical alignment of the content in an element | 1 |\n| visibility    | Sets or returns whether an element should be visible | 2 |\n| white-space    | Sets or returns how to handle tabs, line breaks and whitespace in a text | 1 |\n| width    | Sets or returns the width of an element | 1 |\n| word-break    | Sets or returns line breaking rules for non-CJK scripts | 3 |\n| word-spacing    | Sets or returns the spacing between words in a text | 1 |\n| word-wrap    | Allows long, unbreakable words to be broken and wrap to the next line | 3 |\n| widows    | Sets or returns the minimum number of lines for an element that must be visible at the top of a page | 2 |\n| z-index    | Sets or returns the stack order of a positioned element | 2 |\n\n\n## Browser Support\n\n```html\nChrome\nFirefox\nInternet Explorer (6+)\nOpera\nSafari\n```\n\n\n## Copyright and license\n\nCode copyright 2017 Kirill Kotikov. Code released under the MIT license.',
21 silly publish   readmeFilename: 'README.md',
21 silly publish   gitHead: '6bb677aa90653ecddfbd70b1498adc5d7b1597ff',
21 silly publish   _id: 'volta.js@1.6.1',
21 silly publish   scripts: {},
21 silly publish   _shasum: '025da102b11ae64c4fc0333b77a1365cf6400eaa',
21 silly publish   _from: '.' }
22 verbose getPublishConfig undefined
23 silly mapToRegistry name volta.js
24 silly mapToRegistry using default registry
25 silly mapToRegistry registry https://registry.npmjs.org/
26 silly mapToRegistry data Result {
26 silly mapToRegistry   raw: 'volta.js',
26 silly mapToRegistry   scope: null,
26 silly mapToRegistry   escapedName: 'volta.js',
26 silly mapToRegistry   name: 'volta.js',
26 silly mapToRegistry   rawSpec: '',
26 silly mapToRegistry   spec: 'latest',
26 silly mapToRegistry   type: 'tag' }
27 silly mapToRegistry uri https://registry.npmjs.org/volta.js
28 verbose publish registryBase https://registry.npmjs.org/
29 silly publish uploading /root/.npm/volta.js/1.6.1/package.tgz
30 verbose request uri https://registry.npmjs.org/volta.js
31 verbose request sending authorization for write operation
32 info attempt registry request try #1 at 0:55:06
33 verbose request using bearer token for auth
34 verbose request id 79bb18291e5d8e77
35 http request PUT https://registry.npmjs.org/volta.js
36 http 403 https://registry.npmjs.org/volta.js
37 verbose headers { 'content-type': 'application/json',
37 verbose headers   'cache-control': 'max-age=300',
37 verbose headers   'content-length': '95',
37 verbose headers   'accept-ranges': 'bytes',
37 verbose headers   date: 'Thu, 02 Feb 2017 20:55:08 GMT',
37 verbose headers   via: '1.1 varnish',
37 verbose headers   connection: 'keep-alive',
37 verbose headers   'x-served-by': 'cache-ams4441-AMS',
37 verbose headers   'x-cache': 'MISS',
37 verbose headers   'x-cache-hits': '0',
37 verbose headers   'x-timer': 'S1486068906.962416,VS0,VE1679',
37 verbose headers   vary: 'Accept-Encoding' }
38 verbose request invalidating /root/.npm/registry.npmjs.org/volta.js on PUT
39 error publish Failed PUT 403
40 verbose stack Error: "You cannot publish over the previously published version 1.6.1." : volta.js
40 verbose stack     at makeError (/usr/lib/node_modules/npm/node_modules.bundled/npm-registry-client/lib/request.js:302:12)
40 verbose stack     at CachingRegistryClient.<anonymous> (/usr/lib/node_modules/npm/node_modules.bundled/npm-registry-client/lib/request.js:290:14)
40 verbose stack     at Request._callback (/usr/lib/node_modules/npm/node_modules.bundled/npm-registry-client/lib/request.js:210:14)
40 verbose stack     at Request.self.callback (/usr/lib/node_modules/npm/node_modules.bundled/request/request.js:187:22)
40 verbose stack     at emitTwo (events.js:106:13)
40 verbose stack     at Request.emit (events.js:191:7)
40 verbose stack     at Request.<anonymous> (/usr/lib/node_modules/npm/node_modules.bundled/request/request.js:1044:10)
40 verbose stack     at emitOne (events.js:96:13)
40 verbose stack     at Request.emit (events.js:188:7)
40 verbose stack     at IncomingMessage.<anonymous> (/usr/lib/node_modules/npm/node_modules.bundled/request/request.js:965:12)
41 verbose statusCode 403
42 verbose pkgid volta.js
43 verbose cwd /var/www/liamka/data/www/kkotikov.ru/lab/volta.js
44 error Linux 3.10.0-514.6.1.el7.x86_64
45 error argv "/usr/bin/node" "/usr/bin/npm" "publish"
46 error node v6.9.1
47 error npm  v3.10.8
48 error code E403
49 error "You cannot publish over the previously published version 1.6.1." : volta.js
50 error If you need help, you may report this error at:
50 error     <https://github.com/npm/npm/issues>
51 verbose exit [ 1, true ]
